<?xml version="1.0" encoding="UTF-8"?>
<testng-results ignored="0" total="1" passed="1" failed="0" skipped="0">
  <reporter-output>
  </reporter-output>
  <suite started-at="2023-09-13T23:26:48 IST" name="Default suite" finished-at="2023-09-13T23:26:48 IST" duration-ms="100">
    <groups>
    </groups>
    <test started-at="2023-09-13T23:26:48 IST" name="Default test" finished-at="2023-09-13T23:26:48 IST" duration-ms="100">
      <class name="TestPackage.TestNg">
        <test-method is-config="true" signature="beforeClass()[pri:0, instance:TestPackage.TestNg@3eb25e1a]" started-at="2023-09-13T23:26:48 IST" name="beforeClass" finished-at="2023-09-13T23:26:48 IST" duration-ms="15" status="PASS">
          <reporter-output>
          </reporter-output>
        </test-method> <!-- beforeClass -->
        <test-method is-config="true" signature="beforeMethod()[pri:0, instance:TestPackage.TestNg@3eb25e1a]" started-at="2023-09-13T23:26:48 IST" name="beforeMethod" finished-at="2023-09-13T23:26:48 IST" duration-ms="0" status="PASS">
          <reporter-output>
          </reporter-output>
        </test-method> <!-- beforeMethod -->
        <test-method signature="test()[pri:0, instance:TestPackage.TestNg@3eb25e1a]" started-at="2023-09-13T23:26:48 IST" name="test" finished-at="2023-09-13T23:26:48 IST" duration-ms="11" status="PASS">
          <reporter-output>
          </reporter-output>
        </test-method> <!-- test -->
        <test-method is-config="true" signature="afterMethod()[pri:0, instance:TestPackage.TestNg@3eb25e1a]" started-at="2023-09-13T23:26:48 IST" name="afterMethod" finished-at="2023-09-13T23:26:48 IST" duration-ms="1" status="PASS">
          <reporter-output>
          </reporter-output>
        </test-method> <!-- afterMethod -->
        <test-method is-config="true" signature="afterClass()[pri:0, instance:TestPackage.TestNg@3eb25e1a]" started-at="2023-09-13T23:26:48 IST" name="afterClass" finished-at="2023-09-13T23:26:48 IST" duration-ms="1" status="PASS">
          <reporter-output>
          </reporter-output>
        </test-method> <!-- afterClass -->
      </class> <!-- TestPackage.TestNg -->
    </test> <!-- Default test -->
  </suite> <!-- Default suite -->
</testng-results>
